<?xml version="1.0" encoding="UTF-8"?>
<testsuite xmlns:xsi="http://www.w3.org/2001/XMLSchema-instance" xsi:noNamespaceSchemaLocation="https://maven.apache.org/surefire/maven-surefire-plugin/xsd/surefire-test-report-3.0.xsd" version="3.0" name="com.example.AppTest" time="0.068" tests="1" errors="0" skipped="0" failures="0">
  <properties>
    <property name="java.specification.version" value="18"/>
    <property name="sun.cpu.isalist" value="amd64"/>
    <property name="sun.jnu.encoding" value="Cp1252"/>
    <property name="java.class.path" value="D:\spring\New folder\my-spring-project\target\test-classes;D:\spring\New folder\my-spring-project\target\classes;C:\Users\P. NITHISHKUMAR\.m2\repository\org\springframework\spring-context\4.3.30.RELEASE\spring-context-4.3.30.RELEASE.jar;C:\Users\P. NITHISHKUMAR\.m2\repository\org\springframework\spring-aop\4.3.30.RELEASE\spring-aop-4.3.30.RELEASE.jar;C:\Users\P. NITHISHKUMAR\.m2\repository\org\springframework\spring-beans\4.3.30.RELEASE\spring-beans-4.3.30.RELEASE.jar;C:\Users\P. NITHISHKUMAR\.m2\repository\org\springframework\spring-core\4.3.30.RELEASE\spring-core-4.3.30.RELEASE.jar;C:\Users\P. NITHISHKUMAR\.m2\repository\commons-logging\commons-logging\1.2\commons-logging-1.2.jar;C:\Users\P. NITHISHKUMAR\.m2\repository\org\springframework\spring-expression\4.3.30.RELEASE\spring-expression-4.3.30.RELEASE.jar;C:\Users\P. NITHISHKUMAR\.m2\repository\junit\junit\4.12\junit-4.12.jar;C:\Users\P. NITHISHKUMAR\.m2\repository\org\hamcrest\hamcrest-core\1.3\hamcrest-core-1.3.jar;"/>
    <property name="java.vm.vendor" value="Oracle Corporation"/>
    <property name="sun.arch.data.model" value="64"/>
    <property name="user.variant" value=""/>
    <property name="java.vendor.url" value="https://java.oracle.com/"/>
    <property name="user.timezone" value="Asia/Calcutta"/>
    <property name="os.name" value="Windows 11"/>
    <property name="java.vm.specification.version" value="18"/>
    <property name="sun.java.launcher" value="SUN_STANDARD"/>
    <property name="user.country" value="IN"/>
    <property name="sun.boot.library.path" value="C:\Program Files\Java\jdk-18.0.2.1\bin"/>
    <property name="sun.java.command" value="C:\Users\P. NITHISHKUMAR\AppData\Local\Temp\surefire10083524407324443420\surefirebooter-20230908210845880_3.jar C:\Users\P. NITHISHKUMAR\AppData\Local\Temp\surefire10083524407324443420 2023-09-08T21-08-45_475-jvmRun1 surefire-20230908210845880_1tmp surefire_0-20230908210845880_2tmp"/>
    <property name="jdk.debug" value="release"/>
    <property name="surefire.test.class.path" value="D:\spring\New folder\my-spring-project\target\test-classes;D:\spring\New folder\my-spring-project\target\classes;C:\Users\P. NITHISHKUMAR\.m2\repository\org\springframework\spring-context\4.3.30.RELEASE\spring-context-4.3.30.RELEASE.jar;C:\Users\P. NITHISHKUMAR\.m2\repository\org\springframework\spring-aop\4.3.30.RELEASE\spring-aop-4.3.30.RELEASE.jar;C:\Users\P. NITHISHKUMAR\.m2\repository\org\springframework\spring-beans\4.3.30.RELEASE\spring-beans-4.3.30.RELEASE.jar;C:\Users\P. NITHISHKUMAR\.m2\repository\org\springframework\spring-core\4.3.30.RELEASE\spring-core-4.3.30.RELEASE.jar;C:\Users\P. NITHISHKUMAR\.m2\repository\commons-logging\commons-logging\1.2\commons-logging-1.2.jar;C:\Users\P. NITHISHKUMAR\.m2\repository\org\springframework\spring-expression\4.3.30.RELEASE\spring-expression-4.3.30.RELEASE.jar;C:\Users\P. NITHISHKUMAR\.m2\repository\junit\junit\4.12\junit-4.12.jar;C:\Users\P. NITHISHKUMAR\.m2\repository\org\hamcrest\hamcrest-core\1.3\hamcrest-core-1.3.jar;"/>
    <property name="sun.cpu.endian" value="little"/>
    <property name="user.home" value="C:\Users\P. NITHISHKUMAR"/>
    <property name="user.language" value="en"/>
    <property name="java.specification.vendor" value="Oracle Corporation"/>
    <property name="java.version.date" value="2022-08-18"/>
    <property name="java.home" value="C:\Program Files\Java\jdk-18.0.2.1"/>
    <property name="file.separator" value="\"/>
    <property name="basedir" value="D:\spring\New folder\my-spring-project"/>
    <property name="java.vm.compressedOopsMode" value="32-bit"/>
    <property name="line.separator" value="&#10;"/>
    <property name="java.vm.specification.vendor" value="Oracle Corporation"/>
    <property name="java.specification.name" value="Java Platform API Specification"/>
    <property name="surefire.real.class.path" value="C:\Users\P. NITHISHKUMAR\AppData\Local\Temp\surefire10083524407324443420\surefirebooter-20230908210845880_3.jar"/>
    <property name="user.script" value=""/>
    <property name="sun.management.compiler" value="HotSpot 64-Bit Tiered Compilers"/>
    <property name="java.runtime.version" value="18.0.2.1+1-1"/>
    <property name="user.name" value="P. NITHISHKUMAR"/>
    <property name="path.separator" value=";"/>
    <property name="os.version" value="10.0"/>
    <property name="java.runtime.name" value="Java(TM) SE Runtime Environment"/>
    <property name="file.encoding" value="UTF-8"/>
    <property name="java.vm.name" value="Java HotSpot(TM) 64-Bit Server VM"/>
    <property name="localRepository" value="C:\Users\P. NITHISHKUMAR\.m2\repository"/>
    <property name="java.vendor.url.bug" value="https://bugreport.java.com/bugreport/"/>
    <property name="java.io.tmpdir" value="C:\Users\PDF03~1.NIT\AppData\Local\Temp\"/>
    <property name="java.version" value="18.0.2.1"/>
    <property name="user.dir" value="D:\spring\New folder\my-spring-project"/>
    <property name="os.arch" value="amd64"/>
    <property name="java.vm.specification.name" value="Java Virtual Machine Specification"/>
    <property name="sun.os.patch.level" value=""/>
    <property name="native.encoding" value="Cp1252"/>
    <property name="java.library.path" value="C:\Program Files\Java\jdk-18.0.2.1\bin;C:\WINDOWS\Sun\Java\bin;C:\WINDOWS\system32;C:\WINDOWS;C:\Users\P. NITHISHKUMAR\bin;C:\Program Files\Git\mingw64\bin;C:\Program Files\Git\usr\local\bin;C:\Program Files\Git\usr\bin;C:\Program Files\Git\usr\bin;C:\Program Files\Git\mingw64\bin;C:\Program Files\Git\usr\bin;C:\Users\P. NITHISHKUMAR\bin;C:\Program Files\Common Files\Oracle\Java\javapath;C:\WINDOWS\system32;C:\WINDOWS;C:\WINDOWS\System32\Wbem;C:\WINDOWS\System32\WindowsPowerShell\v1.0;C:\WINDOWS\System32\OpenSSH;C:\Program Files\Git\cmd;C:\Program Files\nodejs;C:\Program Files\dotnet;C:\Users\P. NITHISHKUMAR\Downloads\apache-maven-3.9.3\bin;C:\Program Files\MySQL\MySQL Server 8.0\bin;C:\Program Files\MySQL\MySQL Shell 8.0\bin;C:\Program Files\MySQL\MySQL Shell 8.0\bin;C:\Users\P. NITHISHKUMAR\AppData\Local\Programs\Microsoft VS Code\bin;C:\Program Files\Git\usr\bin\vendor_perl;C:\Program Files\Git\usr\bin\core_perl;."/>
    <property name="java.vm.info" value="mixed mode, sharing"/>
    <property name="java.vendor" value="Oracle Corporation"/>
    <property name="java.vm.version" value="18.0.2.1+1-1"/>
    <property name="sun.io.unicode.encoding" value="UnicodeLittle"/>
    <property name="java.class.version" value="62.0"/>
  </properties>
  <testcase name="testApp" classname="com.example.AppTest" time="0.008"/>
</testsuite>